Using pre-set license
Desktop is 3000 x 1920 @ 60 Hz

 COMMAND LINE ARGUMENTS:
Unity
-adb2
-batchMode
-noUpm
-name
AssetImportWorker0
-projectPath
/home/csteed/Documents/Unity projects/Prototypes/rail-shooter-jet
-logFile
Logs/AssetImportWorker0.log
-srvPort
44121
Successfully changed project path to: /home/csteed/Documents/Unity projects/Prototypes/rail-shooter-jet
/home/csteed/Documents/Unity projects/Prototypes/rail-shooter-jet
Using Asset Import Pipeline V2.
Refreshing native plugins compatible for Editor in 43.70 ms, found 1 plugins.
Preloading 0 native plugins for Editor in 0.00 ms.
Initialize engine version: 2020.2.1f1 (270dd8c3da1c)
[Subsystems] Discovering subsystems at path /home/csteed/Unity/Hub/Editor/2020.2.1f1/Editor/Data/Resources/UnitySubsystems
[Subsystems] Discovering subsystems at path /home/csteed/Documents/Unity projects/Prototypes/rail-shooter-jet/Assets
GLX Extensions: GLX_EXT_visual_info GLX_EXT_visual_rating GLX_EXT_import_context GLX_SGIX_fbconfig GLX_SGIX_pbuffer GLX_SGI_video_sync GLX_SGI_swap_control GLX_EXT_swap_control GLX_EXT_swap_control_tear GLX_EXT_texture_from_pixmap GLX_EXT_buffer_age GLX_ARB_create_context GLX_ARB_create_context_profile GLX_EXT_create_context_es_profile GLX_EXT_create_context_es2_profile GLX_ARB_create_context_no_error GLX_ARB_create_context_robustness GLX_NV_delay_before_swap GLX_EXT_stereo_tree GLX_ARB_context_flush_control GLX_NV_robustness_video_memory_purge GLX_NV_multigpu_context GLX_ARB_multisample GLX_NV_float_buffer GLX_ARB_fbconfig_float GLX_EXT_framebuffer_sRGB GLX_NV_copy_image GLX_ARB_get_proc_address 
Renderer: GeForce GTX 1050 Ti/PCIe/SSE2
Vendor:   NVIDIA Corporation
Version:  4.5.0 NVIDIA 450.102.04
GLES:     0
 GL_AMD_multi_draw_indirect GL_AMD_seamless_cubemap_per_texture GL_AMD_vertex_shader_viewport_index GL_AMD_vertex_shader_layer GL_ARB_arrays_of_arrays GL_ARB_base_instance GL_ARB_bindless_texture GL_ARB_blend_func_extended GL_ARB_buffer_storage GL_ARB_clear_buffer_object GL_ARB_clear_texture GL_ARB_clip_control GL_ARB_color_buffer_float GL_ARB_compressed_texture_pixel_storage GL_ARB_conservative_depth GL_ARB_compute_shader GL_ARB_compute_variable_group_size GL_ARB_conditional_render_inverted GL_ARB_copy_buffer GL_ARB_copy_image GL_ARB_cull_distance GL_ARB_debug_output GL_ARB_depth_buffer_float GL_ARB_depth_clamp GL_ARB_depth_texture GL_ARB_derivative_control GL_ARB_direct_state_access GL_ARB_draw_buffers GL_ARB_draw_buffers_blend GL_ARB_draw_indirect GL_ARB_draw_elements_base_vertex GL_ARB_draw_instanced GL_ARB_enhanced_layouts GL_ARB_ES2_compatibility GL_ARB_ES3_compatibility GL_ARB_ES3_1_compatibility GL_ARB_ES3_2_compatibility GL_ARB_explicit_attrib_location GL_ARB_explicit_uniform_location GL_ARB_fragmen
t_coord_conventions GL_ARB_fragment_layer_viewport GL_ARB_fragment_program GL_ARB_fragment_program_shadow GL_ARB_fragment_shader GL_ARB_fragment_shader_interlock GL_ARB_framebuffer_no_attachments GL_ARB_framebuffer_object GL_ARB_framebuffer_sRGB GL_ARB_geometry_shader4 GL_ARB_get_program_binary GL_ARB_get_texture_sub_image GL_ARB_gl_spirv GL_ARB_gpu_shader5 GL_ARB_gpu_shader_fp64 GL_ARB_gpu_shader_int64 GL_ARB_half_float_pixel GL_ARB_half_float_vertex GL_ARB_imaging GL_ARB_indirect_parameters GL_ARB_instanced_arrays GL_ARB_internalformat_query GL_ARB_internalformat_query2 GL_ARB_invalidate_subdata GL_ARB_map_buffer_alignment GL_ARB_map_buffer_range GL_ARB_multi_bind GL_ARB_multi_draw_indirect GL_ARB_multisample GL_ARB_multitexture GL_ARB_occlusion_query GL_ARB_occlusion_query2 GL_ARB_parallel_shader_compile GL_ARB_pipeline_statistics_query GL_ARB_pixel_buffer_object GL_ARB_point_parameters GL_ARB_point_sprite GL_ARB_polygon_offset_clamp GL_ARB_post_depth_coverage GL_ARB_program_interface_query GL_ARB_provoki
ng_vertex GL_ARB_query_buffer_object GL_ARB_robust_buffer_access_behavior GL_ARB_robustness GL_ARB_sample_locations GL_ARB_sample_shading GL_ARB_sampler_objects GL_ARB_seamless_cube_map GL_ARB_seamless_cubemap_per_texture GL_ARB_separate_shader_objects GL_ARB_shader_atomic_counter_ops GL_ARB_shader_atomic_counters GL_ARB_shader_ballot GL_ARB_shader_bit_encoding GL_ARB_shader_clock GL_ARB_shader_draw_parameters GL_ARB_shader_group_vote GL_ARB_shader_image_load_store GL_ARB_shader_image_size GL_ARB_shader_objects GL_ARB_shader_precision GL_ARB_shader_storage_buffer_object GL_ARB_shader_subroutine GL_ARB_shader_texture_image_samples GL_ARB_shader_texture_lod GL_ARB_shading_language_100 GL_ARB_shader_viewport_layer_array GL_ARB_shading_language_420pack GL_ARB_shading_language_include GL_ARB_shading_language_packing GL_ARB_shadow GL_ARB_sparse_buffer GL_ARB_sparse_texture GL_ARB_sparse_texture2 GL_ARB_sparse_texture_clamp GL_ARB_spirv_extensions GL_ARB_stencil_texturing GL_ARB_sync GL_ARB_tessellation_shader GL_A
RB_texture_barrier GL_ARB_texture_border_clamp GL_ARB_texture_buffer_object GL_ARB_texture_buffer_object_rgb32 GL_ARB_texture_buffer_range GL_ARB_texture_compression GL_ARB_texture_compression_bptc GL_ARB_texture_compression_rgtc GL_ARB_texture_cube_map GL_ARB_texture_cube_map_array GL_ARB_texture_env_add GL_ARB_texture_env_combine GL_ARB_texture_env_crossbar GL_ARB_texture_env_dot3 GL_ARB_texture_filter_anisotropic GL_ARB_texture_filter_minmax GL_ARB_texture_float GL_ARB_texture_gather GL_ARB_texture_mirror_clamp_to_edge GL_ARB_texture_mirrored_repeat GL_ARB_texture_multisample GL_ARB_texture_non_power_of_two GL_ARB_texture_query_levels GL_ARB_texture_query_lod GL_ARB_texture_rectangle GL_ARB_texture_rg GL_ARB_texture_rgb10_a2ui GL_ARB_texture_stencil8 GL_ARB_texture_storage GL_ARB_texture_storage_multisample GL_ARB_texture_swizzle GL_ARB_texture_view GL_ARB_timer_query GL_ARB_transform_feedback2 GL_ARB_transform_feedback3 GL_ARB_transform_feedback_instanced GL_ARB_transform_feedback_overflow_query GL_ARB_t
ranspose_matrix GL_ARB_uniform_buffer_object GL_ARB_vertex_array_bgra GL_ARB_vertex_array_object GL_ARB_vertex_attrib_64bit GL_ARB_vertex_attrib_binding GL_ARB_vertex_buffer_object GL_ARB_vertex_program GL_ARB_vertex_shader GL_ARB_vertex_type_10f_11f_11f_rev GL_ARB_vertex_type_2_10_10_10_rev GL_ARB_viewport_array GL_ARB_window_pos GL_ATI_draw_buffers GL_ATI_texture_float GL_ATI_texture_mirror_once GL_S3_s3tc GL_EXT_texture_env_add GL_EXT_abgr GL_EXT_bgra GL_EXT_bindable_uniform GL_EXT_blend_color GL_EXT_blend_equation_separate GL_EXT_blend_func_separate GL_EXT_blend_minmax GL_EXT_blend_subtract GL_EXT_compiled_vertex_array GL_EXT_Cg_shader GL_EXT_depth_bounds_test GL_EXT_direct_state_access GL_EXT_draw_buffers2 GL_EXT_draw_instanced GL_EXT_draw_range_elements GL_EXT_fog_coord GL_EXT_framebuffer_blit GL_EXT_framebuffer_multisample GL_EXTX_framebuffer_mixed_formats GL_EXT_framebuffer_multisample_blit_scaled GL_EXT_framebuffer_object GL_EXT_framebuffer_sRGB GL_EXT_geometry_shader4 GL_EXT_gpu_program_parameters 
GL_EXT_gpu_shader4 GL_EXT_multi_draw_arrays GL_EXT_multiview_texture_multisample GL_EXT_multiview_timer_query GL_EXT_packed_depth_stencil GL_EXT_packed_float GL_EXT_packed_pixels GL_EXT_pixel_buffer_object GL_EXT_point_parameters GL_EXT_polygon_offset_clamp GL_EXT_post_depth_coverage GL_EXT_provoking_vertex GL_EXT_raster_multisample GL_EXT_rescale_normal GL_EXT_secondary_color GL_EXT_separate_shader_objects GL_EXT_separate_specular_color GL_EXT_shader_image_load_formatted GL_EXT_shader_image_load_store GL_EXT_shader_integer_mix GL_EXT_shadow_funcs GL_EXT_sparse_texture2 GL_EXT_stencil_two_side GL_EXT_stencil_wrap GL_EXT_texture3D GL_EXT_texture_array GL_EXT_texture_buffer_object GL_EXT_texture_compression_dxt1 GL_EXT_texture_compression_latc GL_EXT_texture_compression_rgtc GL_EXT_texture_compression_s3tc GL_EXT_texture_cube_map GL_EXT_texture_edge_clamp GL_EXT_texture_env_combine GL_EXT_texture_env_dot3 GL_EXT_texture_filter_anisotropic GL_EXT_texture_filter_minmax GL_EXT_texture_integer GL_EXT_texture_lod G
L_EXT_texture_lod_bias GL_EXT_texture_mirror_clamp GL_EXT_texture_object GL_EXT_texture_shadow_lod GL_EXT_texture_shared_exponent GL_EXT_texture_sRGB GL_EXT_texture_sRGB_R8 GL_EXT_texture_sRGB_decode GL_EXT_texture_storage GL_EXT_texture_swizzle GL_EXT_timer_query GL_EXT_transform_feedback2 GL_EXT_vertex_array GL_EXT_vertex_array_bgra GL_EXT_vertex_attrib_64bit GL_EXT_window_rectangles GL_EXT_x11_sync_object GL_EXT_import_sync_object GL_NV_robustness_video_memory_purge GL_IBM_rasterpos_clip GL_IBM_texture_mirrored_repeat GL_KHR_context_flush_control GL_KHR_debug GL_EXT_memory_object GL_EXT_memory_object_fd GL_KHR_parallel_shader_compile GL_KHR_no_error GL_KHR_robust_buffer_access_behavior GL_KHR_robustness GL_EXT_semaphore GL_EXT_semaphore_fd GL_KHR_shader_subgroup GL_KTX_buffer_region GL_NV_alpha_to_coverage_dither_control GL_NV_bindless_multi_draw_indirect GL_NV_bindless_multi_draw_indirect_count GL_NV_bindless_texture GL_NV_blend_equation_advanced GL_NV_blend_equation_advanced_coherent GL_NVX_blend_equati
on_advanced_multi_draw_buffers GL_NV_blend_minmax_factor GL_NV_blend_square GL_NV_clip_space_w_scaling GL_NV_command_list GL_NV_compute_program5 GL_NV_conditional_render GL_NV_conservative_raster GL_NV_conservative_raster_dilate GL_NV_conservative_raster_pre_snap_triangles GL_NV_copy_depth_to_color GL_NV_copy_image GL_NV_depth_buffer_float GL_NV_depth_clamp GL_NV_draw_texture GL_NV_draw_vulkan_image GL_NV_ES1_1_compatibility GL_NV_ES3_1_compatibility GL_NV_explicit_multisample GL_NV_feature_query GL_NV_fence GL_NV_fill_rectangle GL_NV_float_buffer GL_NV_fog_distance GL_NV_fragment_coverage_to_color GL_NV_fragment_program GL_NV_fragment_program_option GL_NV_fragment_program2 GL_NV_fragment_shader_interlock GL_NV_framebuffer_mixed_samples GL_NV_framebuffer_multisample_coverage GL_NV_geometry_shader4 GL_NV_geometry_shader_passthrough GL_NV_gpu_program4 GL_NV_internalformat_sample_query GL_NV_gpu_program4_1 GL_NV_gpu_program5 GL_NV_gpu_program5_mem_extended GL_NV_gpu_program_fp64 GL_NV_gpu_shader5 GL_NV_half_flo
at GL_NV_light_max_exponent GL_NV_memory_attachment GL_NV_multisample_coverage GL_NV_multisample_filter_hint GL_NV_occlusion_query GL_NV_packed_depth_stencil GL_NV_parameter_buffer_object GL_NV_parameter_buffer_object2 GL_NV_path_rendering GL_NV_path_rendering_shared_edge GL_NV_pixel_data_range GL_NV_point_sprite GL_NV_primitive_restart GL_NV_query_resource GL_NV_query_resource_tag GL_NV_register_combiners GL_NV_register_combiners2 GL_NV_sample_locations GL_NV_sample_mask_override_coverage GL_NV_shader_atomic_counters GL_NV_shader_atomic_float GL_NV_shader_atomic_float64 GL_NV_shader_atomic_fp16_vector GL_NV_shader_atomic_int64 GL_NV_shader_buffer_load GL_NV_shader_storage_buffer_object GL_NV_shader_subgroup_partitioned GL_NV_stereo_view_rendering GL_NV_texgen_reflection GL_NV_texture_barrier GL_NV_texture_compression_vtc GL_NV_texture_env_combine4 GL_NV_texture_multisample GL_NV_texture_rectangle GL_NV_texture_rectangle_compressed GL_NV_texture_shader GL_NV_texture_shader2 GL_NV_texture_shader3 GL_NV_transf
orm_feedback GL_NV_transform_feedback2 GL_NV_uniform_buffer_unified_memory GL_NV_vdpau_interop GL_NV_vdpau_interop2 GL_NV_vertex_array_range GL_NV_vertex_array_range2 GL_NV_vertex_attrib_integer_64bit GL_NV_vertex_buffer_unified_memory GL_NV_vertex_program GL_NV_vertex_program1_1 GL_NV_vertex_program2 GL_NV_vertex_program2_option GL_NV_vertex_program3 GL_NV_viewport_array2 GL_NV_viewport_swizzle GL_NVX_conditional_render GL_NV_gpu_multicast GL_NVX_progress_fence GL_NVX_gpu_memory_info GL_NVX_nvenc_interop GL_NV_shader_thread_group GL_NV_shader_thread_shuffle GL_KHR_blend_equation_advanced GL_KHR_blend_equation_advanced_coherent GL_OVR_multiview GL_OVR_multiview2 GL_SGIS_generate_mipmap GL_SGIS_texture_lod GL_SGIX_depth_texture GL_SGIX_shadow GL_SUN_slice_accum
OPENGL LOG: Creating OpenGL 4.5 graphics device ; Context level  <OpenGL 4.5> ; Context handle -538094168
Initialize mono
Mono path[0] = '/home/csteed/Unity/Hub/Editor/2020.2.1f1/Editor/Data/Managed'
Mono path[1] = '/home/csteed/Unity/Hub/Editor/2020.2.1f1/Editor/Data/MonoBleedingEdge/lib/mono/unityjit'
Mono config path = '/home/csteed/Unity/Hub/Editor/2020.2.1f1/Editor/Data/MonoBleedingEdge/etc'
Using monoOptions --debugger-agent=transport=dt_socket,embedding=1,server=y,suspend=n,address=127.0.0.1:56129
Begin MonoManager ReloadAssembly
Registering precompiled unity dll's ...
Register platform support module: /home/csteed/Unity/Hub/Editor/2020.2.1f1/Editor/Data/PlaybackEngines/WebGLSupport/UnityEditor.WebGL.Extensions.dll
Register platform support module: /home/csteed/Unity/Hub/Editor/2020.2.1f1/Editor/Data/PlaybackEngines/LinuxStandaloneSupport/UnityEditor.LinuxStandalone.Extensions.dll
Registered in 0.003438 seconds.
Native extension for LinuxStandalone target not found
Native extension for WebGL target not found
Refreshing native plugins compatible for Editor in 41.23 ms, found 1 plugins.
Preloading 0 native plugins for Editor in 0.00 ms.
Invoked RoslynAnalysisRunner static constructor.
RoslynAnalysisRunner will not be running.
RoslynAnalysisRunner has terminated.
Mono: successfully reloaded assembly
- Completed reload, in  0.822 seconds
Platform modules already initialized, skipping
Registering precompiled user dll's ...
Registered in 0.001077 seconds.
Begin MonoManager ReloadAssembly
Native extension for LinuxStandalone target not found
Native extension for WebGL target not found
Refreshing native plugins compatible for Editor in 44.39 ms, found 1 plugins.
Preloading 0 native plugins for Editor in 0.00 ms.
Invoked RoslynAnalysisRunner static constructor.
RoslynAnalysisRunner will not be running.
RoslynAnalysisRunner has terminated.
Mono: successfully reloaded assembly
- Completed reload, in  1.203 seconds
Platform modules already initialized, skipping
========================================================================
Worker process is ready to serve import requests
Launched and connected shader compiler UnityShaderCompiler after 0.01 seconds
Refreshing native plugins compatible for Editor in 0.44 ms, found 1 plugins.
Preloading 0 native plugins for Editor in 0.00 ms.
Unloading 1839 Unused Serialized files (Serialized files now loaded: 0)
System memory in use before: 112.8 MB.
System memory in use after: 112.7 MB.

Unloading 31 unused Assets to reduce memory usage. Loaded Objects now: 2310.
Total: 3.437637 ms (FindLiveObjects: 0.253101 ms CreateObjectMapping: 0.078109 ms MarkObjects: 2.728551 ms  DeleteObjects: 0.376697 ms)

========================================================================
Received Import Request.
  path: Assets/AssetStoreTools/StarSparrow/Readme/ReadmeStarSparrow.asset
  artifactKey: Guid(831b6df9656715346bac250feaa321a7) Importer(815301076,1909f56bfc062723c751e8b465ee728b)
Start importing Assets/AssetStoreTools/StarSparrow/Readme/ReadmeStarSparrow.asset using Guid(831b6df9656715346bac250feaa321a7) Importer(815301076,1909f56bfc062723c751e8b465ee728b)  -> (artifact id: '1e0a5557093c408e78e5b3a1154654dc') in 0.010475 seconds
  Import took 0.013898 seconds .

========================================================================
Received Import Request.
  Time since last request: 3.927664 seconds.
  path: Assets/Obstacle (1) Variant.prefab
  artifactKey: Guid(b7d417a9adfc4e96ca13af5028ad06b7) Importer(815301076,1909f56bfc062723c751e8b465ee728b)
Start importing Assets/Obstacle (1) Variant.prefab using Guid(b7d417a9adfc4e96ca13af5028ad06b7) Importer(815301076,1909f56bfc062723c751e8b465ee728b)  -> (artifact id: 'b22412325bc1ef70445e1a6ad68e2880') in 0.076289 seconds
  Import took 0.079347 seconds .

========================================================================
Received Import Request.
  Time since last request: 0.000229 seconds.
  path: Assets/Obstacle BASE.prefab
  artifactKey: Guid(aef1dade7b5f7110aac4d0df1f016a82) Importer(815301076,1909f56bfc062723c751e8b465ee728b)
Start importing Assets/Obstacle BASE.prefab using Guid(aef1dade7b5f7110aac4d0df1f016a82) Importer(815301076,1909f56bfc062723c751e8b465ee728b)  -> (artifact id: '0c7dc70f5e2835f2e99b2b7d3622233a') in 0.002284 seconds
  Import took 0.004921 seconds .

========================================================================
Received Import Request.
  Time since last request: 0.000129 seconds.
  path: Assets/Obstacle Variant.prefab
  artifactKey: Guid(a0a84f8e354d1ec6b9f55162016fcec0) Importer(815301076,1909f56bfc062723c751e8b465ee728b)
Start importing Assets/Obstacle Variant.prefab using Guid(a0a84f8e354d1ec6b9f55162016fcec0) Importer(815301076,1909f56bfc062723c751e8b465ee728b)  -> (artifact id: '70e69ec8908c6830d16bb222354e2a45') in 0.008045 seconds
  Import took 0.011752 seconds .

========================================================================
Received Import Request.
  Time since last request: 44.320228 seconds.
  path: Assets/SKybox.mat
  artifactKey: Guid(79a97afae785636ed81fd3a60f0648e6) Importer(815301076,1909f56bfc062723c751e8b465ee728b)
Start importing Assets/SKybox.mat using Guid(79a97afae785636ed81fd3a60f0648e6) Importer(815301076,1909f56bfc062723c751e8b465ee728b)  -> (artifact id: 'b119f05be0f4c4cecdd7d31142e00764') in 0.019279 seconds
  Import took 0.022658 seconds .

========================================================================
Received Prepare
Registering precompiled user dll's ...
Registered in 0.001145 seconds.
Begin MonoManager ReloadAssembly
Native extension for LinuxStandalone target not found
Native extension for WebGL target not found
Refreshing native plugins compatible for Editor in 0.44 ms, found 1 plugins.
Preloading 0 native plugins for Editor in 0.00 ms.
Invoked RoslynAnalysisRunner static constructor.
RoslynAnalysisRunner will not be running.
RoslynAnalysisRunner has terminated.
Mono: successfully reloaded assembly
- Completed reload, in  1.044 seconds
Platform modules already initialized, skipping
Refreshing native plugins compatible for Editor in 0.45 ms, found 1 plugins.
Preloading 0 native plugins for Editor in 0.00 ms.
Unloading 1769 Unused Serialized files (Serialized files now loaded: 0)
System memory in use before: 110.6 MB.
System memory in use after: 110.5 MB.

Unloading 14 unused Assets to reduce memory usage. Loaded Objects now: 2354.
Total: 5.676770 ms (FindLiveObjects: 0.466147 ms CreateObjectMapping: 0.163774 ms MarkObjects: 4.678086 ms  DeleteObjects: 0.366035 ms)

========================================================================
Received Prepare
Registering precompiled user dll's ...
Registered in 0.001363 seconds.
Begin MonoManager ReloadAssembly
Native extension for LinuxStandalone target not found
Native extension for WebGL target not found
Refreshing native plugins compatible for Editor in 0.46 ms, found 1 plugins.
Preloading 0 native plugins for Editor in 0.00 ms.
Invoked RoslynAnalysisRunner static constructor.
RoslynAnalysisRunner will not be running.
RoslynAnalysisRunner has terminated.
Mono: successfully reloaded assembly
- Completed reload, in  1.101 seconds
Platform modules already initialized, skipping
Refreshing native plugins compatible for Editor in 0.45 ms, found 1 plugins.
Preloading 0 native plugins for Editor in 0.00 ms.
Unloading 1827 Unused Serialized files (Serialized files now loaded: 0)
System memory in use before: 112.2 MB.
System memory in use after: 112.0 MB.

Unloading 17 unused Assets to reduce memory usage. Loaded Objects now: 2411.
Total: 2.882727 ms (FindLiveObjects: 0.237225 ms CreateObjectMapping: 0.069825 ms MarkObjects: 2.308085 ms  DeleteObjects: 0.265996 ms)

========================================================================
Received Prepare
Registering precompiled user dll's ...
Registered in 0.001398 seconds.
Begin MonoManager ReloadAssembly
Native extension for LinuxStandalone target not found
Native extension for WebGL target not found
Refreshing native plugins compatible for Editor in 0.51 ms, found 1 plugins.
Preloading 0 native plugins for Editor in 0.00 ms.
Invoked RoslynAnalysisRunner static constructor.
RoslynAnalysisRunner will not be running.
RoslynAnalysisRunner has terminated.
Mono: successfully reloaded assembly
- Completed reload, in  1.122 seconds
Platform modules already initialized, skipping
Refreshing native plugins compatible for Editor in 0.46 ms, found 1 plugins.
Preloading 0 native plugins for Editor in 0.00 ms.
Unloading 1827 Unused Serialized files (Serialized files now loaded: 0)
System memory in use before: 112.2 MB.
System memory in use after: 112.0 MB.

Unloading 17 unused Assets to reduce memory usage. Loaded Objects now: 2413.
Total: 2.759137 ms (FindLiveObjects: 0.202762 ms CreateObjectMapping: 0.072475 ms MarkObjects: 2.204803 ms  DeleteObjects: 0.277943 ms)

========================================================================
Received Import Request.
  Time since last request: 353.908788 seconds.
  path: Assets/AssetStoreTools/BOXOPHOBIC/Polyverse Skies
  artifactKey: Guid(aa8f1060aafdbdc4cbce54c3f6347c1d) Importer(815301076,1909f56bfc062723c751e8b465ee728b)
Start importing Assets/AssetStoreTools/BOXOPHOBIC/Polyverse Skies using Guid(aa8f1060aafdbdc4cbce54c3f6347c1d) Importer(815301076,1909f56bfc062723c751e8b465ee728b)  -> (artifact id: '4cb57e8f73ef7bdcc33bf02dbacdc7f1') in 0.003100 seconds
  Import took 0.006247 seconds .

========================================================================
Received Import Request.
  Time since last request: 0.010301 seconds.
  path: Assets/AssetStoreTools/BOXOPHOBIC/Polyverse Skies
  artifactKey: Guid(aa8f1060aafdbdc4cbce54c3f6347c1d) Importer(815301076,1909f56bfc062723c751e8b465ee728b)
Start importing Assets/AssetStoreTools/BOXOPHOBIC/Polyverse Skies using Guid(aa8f1060aafdbdc4cbce54c3f6347c1d) Importer(815301076,1909f56bfc062723c751e8b465ee728b)  -> (artifact id: '4cb57e8f73ef7bdcc33bf02dbacdc7f1') in 0.000723 seconds
  Import took 0.003685 seconds .

========================================================================
Received Import Request.
  Time since last request: 2.661374 seconds.
  path: Assets/AssetStoreTools/BOXOPHOBIC/Polyverse Skies/Demo
  artifactKey: Guid(944ba4339d95a5f469b3af7eb10a8985) Importer(815301076,1909f56bfc062723c751e8b465ee728b)
Start importing Assets/AssetStoreTools/BOXOPHOBIC/Polyverse Skies/Demo using Guid(944ba4339d95a5f469b3af7eb10a8985) Importer(815301076,1909f56bfc062723c751e8b465ee728b)  -> (artifact id: '50f3c16415af897f35471602199d592c') in 0.001998 seconds
  Import took 0.010119 seconds .

========================================================================
Received Import Request.
  Time since last request: 0.836317 seconds.
  path: Assets/AssetStoreTools/BOXOPHOBIC/Polyverse Skies/Demo/Demo.unity
  artifactKey: Guid(8dc67afdb3052ff45b0b725be038492b) Importer(815301076,1909f56bfc062723c751e8b465ee728b)
Start importing Assets/AssetStoreTools/BOXOPHOBIC/Polyverse Skies/Demo/Demo.unity using Guid(8dc67afdb3052ff45b0b725be038492b) Importer(815301076,1909f56bfc062723c751e8b465ee728b)  -> (artifact id: '97fbaaad00df1dd05ec4c7ff67ce6a52') in 0.009016 seconds
  Import took 0.012751 seconds .

========================================================================
Received Import Request.
  Time since last request: 19.721328 seconds.
  path: Assets/AssetStoreTools/BOXOPHOBIC/Polyverse Skies/Generator/Generator.unity
  artifactKey: Guid(3aadc2a71fa863d4a9f71af8eaf81d7b) Importer(815301076,1909f56bfc062723c751e8b465ee728b)
Start importing Assets/AssetStoreTools/BOXOPHOBIC/Polyverse Skies/Generator/Generator.unity using Guid(3aadc2a71fa863d4a9f71af8eaf81d7b) Importer(815301076,1909f56bfc062723c751e8b465ee728b)  -> (artifact id: '3113e2c492eeade8936565f17c231687') in 0.001909 seconds
  Import took 0.007301 seconds .

========================================================================
Received Prepare
Registering precompiled user dll's ...
Registered in 0.001128 seconds.
Begin MonoManager ReloadAssembly
Native extension for LinuxStandalone target not found
Native extension for WebGL target not found
Refreshing native plugins compatible for Editor in 0.56 ms, found 1 plugins.
Preloading 0 native plugins for Editor in 0.00 ms.
Invoked RoslynAnalysisRunner static constructor.
RoslynAnalysisRunner will not be running.
RoslynAnalysisRunner has terminated.
Mono: successfully reloaded assembly
- Completed reload, in  1.177 seconds
Platform modules already initialized, skipping
Refreshing native plugins compatible for Editor in 0.45 ms, found 1 plugins.
Preloading 0 native plugins for Editor in 0.00 ms.
Unloading 1827 Unused Serialized files (Serialized files now loaded: 0)
System memory in use before: 112.2 MB.
System memory in use after: 112.1 MB.

Unloading 17 unused Assets to reduce memory usage. Loaded Objects now: 2415.
Total: 3.462109 ms (FindLiveObjects: 0.202913 ms CreateObjectMapping: 0.069960 ms MarkObjects: 2.897204 ms  DeleteObjects: 0.290775 ms)

========================================================================
Received Prepare
Registering precompiled user dll's ...
Registered in 0.001189 seconds.
Begin MonoManager ReloadAssembly
Native extension for LinuxStandalone target not found
Native extension for WebGL target not found
Refreshing native plugins compatible for Editor in 1.31 ms, found 1 plugins.
Preloading 0 native plugins for Editor in 0.00 ms.
Invoked RoslynAnalysisRunner static constructor.
RoslynAnalysisRunner will not be running.
RoslynAnalysisRunner has terminated.
Mono: successfully reloaded assembly
- Completed reload, in  1.305 seconds
Platform modules already initialized, skipping
Refreshing native plugins compatible for Editor in 0.71 ms, found 1 plugins.
Preloading 0 native plugins for Editor in 0.00 ms.
Unloading 1827 Unused Serialized files (Serialized files now loaded: 0)
System memory in use before: 112.2 MB.
System memory in use after: 112.1 MB.

Unloading 17 unused Assets to reduce memory usage. Loaded Objects now: 2417.
Total: 3.494480 ms (FindLiveObjects: 0.274046 ms CreateObjectMapping: 0.081985 ms MarkObjects: 2.809325 ms  DeleteObjects: 0.328083 ms)

========================================================================
Received Import Request.
  Time since last request: 83.072467 seconds.
  path: Assets/Generated Skybox Cubemap.png
  artifactKey: Guid(3e2291286b9ed841f8222adbda7997c0) Importer(815301076,1909f56bfc062723c751e8b465ee728b)
Start importing Assets/Generated Skybox Cubemap.png using Guid(3e2291286b9ed841f8222adbda7997c0) Importer(815301076,1909f56bfc062723c751e8b465ee728b)  -> (artifact id: 'd1dfc6f0c13f67333085fbad5b4013ff') in 0.391504 seconds
  Import took 0.396803 seconds .

========================================================================
Received Import Request.
  Time since last request: 0.005909 seconds.
  path: Assets/Generated Skybox Cubemap.png
  artifactKey: Guid(3e2291286b9ed841f8222adbda7997c0) Importer(815301076,1909f56bfc062723c751e8b465ee728b)
Start importing Assets/Generated Skybox Cubemap.png using Guid(3e2291286b9ed841f8222adbda7997c0) Importer(815301076,1909f56bfc062723c751e8b465ee728b)  -> (artifact id: 'd1dfc6f0c13f67333085fbad5b4013ff') in 0.295419 seconds
  Import took 0.299916 seconds .

========================================================================
Received Import Request.
  Time since last request: 14.523333 seconds.
  path: Assets/SKybox.mat
  artifactKey: Guid(79a97afae785636ed81fd3a60f0648e6) Importer(815301076,1909f56bfc062723c751e8b465ee728b)
Start importing Assets/SKybox.mat using Guid(79a97afae785636ed81fd3a60f0648e6) Importer(815301076,1909f56bfc062723c751e8b465ee728b)  -> (artifact id: '3670ec4813081aa7352f1d6cb194c11f') in 0.020793 seconds
  Import took 0.025627 seconds .

========================================================================
Received Import Request.
  Time since last request: 45.436619 seconds.
  path: Assets/AssetStoreTools/BOXOPHOBIC/Polyverse Skies/Core/Presets
  artifactKey: Guid(126b74eb78232a94daf81eb84d6a244e) Importer(815301076,1909f56bfc062723c751e8b465ee728b)
Start importing Assets/AssetStoreTools/BOXOPHOBIC/Polyverse Skies/Core/Presets using Guid(126b74eb78232a94daf81eb84d6a244e) Importer(815301076,1909f56bfc062723c751e8b465ee728b)  -> (artifact id: 'd2c07c44e573ad2ddc84592650d30c3d') in 0.001453 seconds
  Import took 0.006467 seconds .

========================================================================
Received Import Request.
  Time since last request: 0.088686 seconds.
  path: Assets/AssetStoreTools/BOXOPHOBIC/Polyverse Skies/Core/Presets/Sky 01.mat
  artifactKey: Guid(d0523d8917957bb429a32997cb0e52b2) Importer(815301076,1909f56bfc062723c751e8b465ee728b)
Start importing Assets/AssetStoreTools/BOXOPHOBIC/Polyverse Skies/Core/Presets/Sky 01.mat using Guid(d0523d8917957bb429a32997cb0e52b2) Importer(815301076,1909f56bfc062723c751e8b465ee728b)  -> (artifact id: 'd81fc60136312ab52c7a8c3171ac73a4') in 0.080400 seconds
  Import took 0.085827 seconds .

========================================================================
Received Import Request.
  Time since last request: 0.000228 seconds.
  path: Assets/AssetStoreTools/BOXOPHOBIC/Polyverse Skies/Core/Presets/Sky 02.mat
  artifactKey: Guid(60dd2e7b10f2ce74e9c4478520e3f06a) Importer(815301076,1909f56bfc062723c751e8b465ee728b)
Start importing Assets/AssetStoreTools/BOXOPHOBIC/Polyverse Skies/Core/Presets/Sky 02.mat using Guid(60dd2e7b10f2ce74e9c4478520e3f06a) Importer(815301076,1909f56bfc062723c751e8b465ee728b)  -> (artifact id: '6d006c0cf050d811fcf75508f7b91f04') in 0.186907 seconds
  Import took 0.190639 seconds .

========================================================================
Received Import Request.
  Time since last request: 0.000176 seconds.
  path: Assets/AssetStoreTools/BOXOPHOBIC/Polyverse Skies/Core/Presets/Sky 05.mat
  artifactKey: Guid(188c8ae1d60a5e34faaf71d8ee55a065) Importer(815301076,1909f56bfc062723c751e8b465ee728b)
Start importing Assets/AssetStoreTools/BOXOPHOBIC/Polyverse Skies/Core/Presets/Sky 05.mat using Guid(188c8ae1d60a5e34faaf71d8ee55a065) Importer(815301076,1909f56bfc062723c751e8b465ee728b)  -> (artifact id: '97e6169534c6d910f9c9029091cff2f7') in 0.114019 seconds
  Import took 0.117895 seconds .

========================================================================
Received Import Request.
  Time since last request: 0.000224 seconds.
  path: Assets/AssetStoreTools/BOXOPHOBIC/Polyverse Skies/Core/Presets/Sky 04.mat
  artifactKey: Guid(b4d1e1180d6b45d4eaa6f6b684d18e2b) Importer(815301076,1909f56bfc062723c751e8b465ee728b)
Start importing Assets/AssetStoreTools/BOXOPHOBIC/Polyverse Skies/Core/Presets/Sky 04.mat using Guid(b4d1e1180d6b45d4eaa6f6b684d18e2b) Importer(815301076,1909f56bfc062723c751e8b465ee728b)  -> (artifact id: '98e32dce85637ea83be199e2c514da3d') in 0.045909 seconds
  Import took 0.053976 seconds .

========================================================================
Received Import Request.
  Time since last request: 0.000233 seconds.
  path: Assets/AssetStoreTools/BOXOPHOBIC/Polyverse Skies/Core/Presets/Sky 03.mat
  artifactKey: Guid(0ff23603c187cd146bc65bf76e851175) Importer(815301076,1909f56bfc062723c751e8b465ee728b)
Start importing Assets/AssetStoreTools/BOXOPHOBIC/Polyverse Skies/Core/Presets/Sky 03.mat using Guid(0ff23603c187cd146bc65bf76e851175) Importer(815301076,1909f56bfc062723c751e8b465ee728b)  -> (artifact id: '80666f8cad613218a0006d1740c970f7') in 0.195873 seconds
  Import took 0.201244 seconds .

========================================================================
Received Import Request.
  Time since last request: 0.490792 seconds.
  path: Assets/AssetStoreTools/BOXOPHOBIC/Polyverse Skies/Core/Textures/Patterns/Pattern 02.png
  artifactKey: Guid(5e08451c0e8bb7a4f9ca20067695cda7) Importer(815301076,1909f56bfc062723c751e8b465ee728b)
Start importing Assets/AssetStoreTools/BOXOPHOBIC/Polyverse Skies/Core/Textures/Patterns/Pattern 02.png using Guid(5e08451c0e8bb7a4f9ca20067695cda7) Importer(815301076,1909f56bfc062723c751e8b465ee728b)  -> (artifact id: 'b3ee660a61e1c97925c2106542907965') in 0.076206 seconds
  Import took 0.079857 seconds .

========================================================================
Received Import Request.
  Time since last request: 0.000206 seconds.
  path: Assets/AssetStoreTools/BOXOPHOBIC/Polyverse Skies/Core/Textures/Stars/Stars Rhombus.png
  artifactKey: Guid(cd8517e16ac507a4ea8c50fa7460ae98) Importer(815301076,1909f56bfc062723c751e8b465ee728b)
Start importing Assets/AssetStoreTools/BOXOPHOBIC/Polyverse Skies/Core/Textures/Stars/Stars Rhombus.png using Guid(cd8517e16ac507a4ea8c50fa7460ae98) Importer(815301076,1909f56bfc062723c751e8b465ee728b)  -> (artifact id: '63e6c5557aad36a2441083e89e6dddbb') in 0.070207 seconds
  Import took 0.073421 seconds .

========================================================================
Received Import Request.
  Time since last request: 0.000225 seconds.
  path: Assets/AssetStoreTools/BOXOPHOBIC/Polyverse Skies/Core/Textures/Clouds/Clouds 04 A.png
  artifactKey: Guid(eb066507e9bb4884e9d201eb874ccf2c) Importer(815301076,1909f56bfc062723c751e8b465ee728b)
Start importing Assets/AssetStoreTools/BOXOPHOBIC/Polyverse Skies/Core/Textures/Clouds/Clouds 04 A.png using Guid(eb066507e9bb4884e9d201eb874ccf2c) Importer(815301076,1909f56bfc062723c751e8b465ee728b)  -> (artifact id: 'cc401f944fa6ba784494b5af9ad8a7e9') in 0.106023 seconds
  Import took 0.109611 seconds .

========================================================================
Received Import Request.
  Time since last request: 0.000222 seconds.
  path: Assets/AssetStoreTools/BOXOPHOBIC/Polyverse Skies/Core/Textures/Stars/Stars Rhombus.png
  artifactKey: Guid(cd8517e16ac507a4ea8c50fa7460ae98) Importer(815301076,1909f56bfc062723c751e8b465ee728b)
Start importing Assets/AssetStoreTools/BOXOPHOBIC/Polyverse Skies/Core/Textures/Stars/Stars Rhombus.png using Guid(cd8517e16ac507a4ea8c50fa7460ae98) Importer(815301076,1909f56bfc062723c751e8b465ee728b)  -> (artifact id: '63e6c5557aad36a2441083e89e6dddbb') in 0.062866 seconds
  Import took 0.065377 seconds .

========================================================================
Received Import Request.
  Time since last request: 0.000243 seconds.
  path: Assets/AssetStoreTools/BOXOPHOBIC/Polyverse Skies/Core/Textures/Clouds/Clouds 04 A.png
  artifactKey: Guid(eb066507e9bb4884e9d201eb874ccf2c) Importer(815301076,1909f56bfc062723c751e8b465ee728b)
Start importing Assets/AssetStoreTools/BOXOPHOBIC/Polyverse Skies/Core/Textures/Clouds/Clouds 04 A.png using Guid(eb066507e9bb4884e9d201eb874ccf2c) Importer(815301076,1909f56bfc062723c751e8b465ee728b)  -> (artifact id: 'cc401f944fa6ba784494b5af9ad8a7e9') in 0.105633 seconds
  Import took 0.108958 seconds .

========================================================================
Received Import Request.
  Time since last request: 4.015442 seconds.
  path: Assets/AssetStoreTools/BOXOPHOBIC/Polyverse Skies/Core/Textures/Patterns/Pattern 01.png
  artifactKey: Guid(3845b30ba2fbdee44a85e5ead4dd2974) Importer(815301076,1909f56bfc062723c751e8b465ee728b)
Start importing Assets/AssetStoreTools/BOXOPHOBIC/Polyverse Skies/Core/Textures/Patterns/Pattern 01.png using Guid(3845b30ba2fbdee44a85e5ead4dd2974) Importer(815301076,1909f56bfc062723c751e8b465ee728b)  -> (artifact id: '5d4802d6f5fa79000e125854242a6b97') in 0.062526 seconds
  Import took 0.065220 seconds .

========================================================================
Received Import Request.
  Time since last request: 0.000226 seconds.
  path: Assets/AssetStoreTools/BOXOPHOBIC/Polyverse Skies/Core/Textures/Clouds/Clouds 01 A.png
  artifactKey: Guid(ee7bf433ad404fe4cb5e19b8a93b3bed) Importer(815301076,1909f56bfc062723c751e8b465ee728b)
Start importing Assets/AssetStoreTools/BOXOPHOBIC/Polyverse Skies/Core/Textures/Clouds/Clouds 01 A.png using Guid(ee7bf433ad404fe4cb5e19b8a93b3bed) Importer(815301076,1909f56bfc062723c751e8b465ee728b)  -> (artifact id: '1da8d09886bc663f30e12e895b1d1979') in 0.106016 seconds
  Import took 0.109435 seconds .

========================================================================
Received Import Request.
  Time since last request: 0.000577 seconds.
  path: Assets/AssetStoreTools/BOXOPHOBIC/Polyverse Skies/Core/Textures/Clouds/Clouds 01 A.png
  artifactKey: Guid(ee7bf433ad404fe4cb5e19b8a93b3bed) Importer(815301076,1909f56bfc062723c751e8b465ee728b)
Start importing Assets/AssetStoreTools/BOXOPHOBIC/Polyverse Skies/Core/Textures/Clouds/Clouds 01 A.png using Guid(ee7bf433ad404fe4cb5e19b8a93b3bed) Importer(815301076,1909f56bfc062723c751e8b465ee728b)  -> (artifact id: '1da8d09886bc663f30e12e895b1d1979') in 0.100505 seconds
  Import took 0.103926 seconds .

========================================================================
Received Import Request.
  Time since last request: 10.863189 seconds.
  path: Assets/Prototype.unity
  artifactKey: Guid(904536d6ae9641b1cac39a97783781a1) Importer(815301076,1909f56bfc062723c751e8b465ee728b)
Start importing Assets/Prototype.unity using Guid(904536d6ae9641b1cac39a97783781a1) Importer(815301076,1909f56bfc062723c751e8b465ee728b)  -> (artifact id: 'f5dab5927ac94fbd21c2f500dcd8489c') in 0.001910 seconds
  Import took 0.007178 seconds .

========================================================================
Received Prepare
Registering precompiled user dll's ...
Registered in 0.001180 seconds.
Begin MonoManager ReloadAssembly
Native extension for LinuxStandalone target not found
Native extension for WebGL target not found
Refreshing native plugins compatible for Editor in 0.47 ms, found 1 plugins.
Preloading 0 native plugins for Editor in 0.00 ms.
Invoked RoslynAnalysisRunner static constructor.
RoslynAnalysisRunner will not be running.
RoslynAnalysisRunner has terminated.
Mono: successfully reloaded assembly
- Completed reload, in  1.028 seconds
Platform modules already initialized, skipping
Refreshing native plugins compatible for Editor in 0.45 ms, found 1 plugins.
Preloading 0 native plugins for Editor in 0.00 ms.
Unloading 1827 Unused Serialized files (Serialized files now loaded: 0)
System memory in use before: 112.7 MB.
System memory in use after: 112.6 MB.

Unloading 16 unused Assets to reduce memory usage. Loaded Objects now: 2423.
Total: 6.189128 ms (FindLiveObjects: 0.438548 ms CreateObjectMapping: 0.169629 ms MarkObjects: 5.119930 ms  DeleteObjects: 0.458258 ms)

========================================================================
Received Import Request.
  Time since last request: 4.785002 seconds.
  path: Assets/AssetStoreTools/BOXOPHOBIC/Polyverse Skies/Core/Meshes/Materials/Cloud.mat
  artifactKey: Guid(18f0f0070187ddd4fb0b573643d8514a) Importer(815301076,1909f56bfc062723c751e8b465ee728b)
Start importing Assets/AssetStoreTools/BOXOPHOBIC/Polyverse Skies/Core/Meshes/Materials/Cloud.mat using Guid(18f0f0070187ddd4fb0b573643d8514a) Importer(815301076,1909f56bfc062723c751e8b465ee728b)  -> (artifact id: '8a7c4bec7e3ef09d8e0ffac681951d83') in 0.051355 seconds
  Import took 0.054240 seconds .

========================================================================
Received Import Request.
  Time since last request: 0.000159 seconds.
  path: Assets/AssetStoreTools/StarSparrow/Materials/BonusContent/Missile.mat
  artifactKey: Guid(30d351457dfac9d40a8b07e6426fd177) Importer(815301076,1909f56bfc062723c751e8b465ee728b)
Start importing Assets/AssetStoreTools/StarSparrow/Materials/BonusContent/Missile.mat using Guid(30d351457dfac9d40a8b07e6426fd177) Importer(815301076,1909f56bfc062723c751e8b465ee728b)  -> (artifact id: '9380977a2f25ed64e3aaa052221ccb7d') in 0.014928 seconds
  Import took 0.017721 seconds .

========================================================================
Received Import Request.
  Time since last request: 0.000171 seconds.
  path: Assets/AssetStoreTools/BOXOPHOBIC/Polyverse Skies/Core/Meshes/Materials/Moons.mat
  artifactKey: Guid(7b1160773b2c23240a9d7ef064b2797e) Importer(815301076,1909f56bfc062723c751e8b465ee728b)
Start importing Assets/AssetStoreTools/BOXOPHOBIC/Polyverse Skies/Core/Meshes/Materials/Moons.mat using Guid(7b1160773b2c23240a9d7ef064b2797e) Importer(815301076,1909f56bfc062723c751e8b465ee728b)  -> (artifact id: 'c638fa175409aa20171992b77fd07009') in 0.007514 seconds
  Import took 0.010280 seconds .

========================================================================
Received Import Request.
  Time since last request: 0.000166 seconds.
  path: Assets/AssetStoreTools/BOXOPHOBIC/Polyverse Skies/Core/Meshes/Materials/Cloud.mat
  artifactKey: Guid(18f0f0070187ddd4fb0b573643d8514a) Importer(815301076,1909f56bfc062723c751e8b465ee728b)
Start importing Assets/AssetStoreTools/BOXOPHOBIC/Polyverse Skies/Core/Meshes/Materials/Cloud.mat using Guid(18f0f0070187ddd4fb0b573643d8514a) Importer(815301076,1909f56bfc062723c751e8b465ee728b)  -> (artifact id: '8a7c4bec7e3ef09d8e0ffac681951d83') in 0.004844 seconds
  Import took 0.007314 seconds .

========================================================================
Received Import Request.
  Time since last request: 0.000139 seconds.
  path: Assets/TextMesh Pro/Resources/Fonts & Materials/LiberationSans SDF - Fallback.asset
  artifactKey: Guid(2e498d1c8094910479dc3e1b768306a4) Importer(815301076,1909f56bfc062723c751e8b465ee728b)
Start importing Assets/TextMesh Pro/Resources/Fonts & Materials/LiberationSans SDF - Fallback.asset using Guid(2e498d1c8094910479dc3e1b768306a4) Importer(815301076,1909f56bfc062723c751e8b465ee728b)  -> (artifact id: '3fedd3603c046ddfd77830f0284b138c') in 0.032409 seconds
  Import took 0.035114 seconds .

========================================================================
Received Import Request.
  Time since last request: 0.000134 seconds.
  path: Assets/AssetStoreTools/StarSparrow/Materials/BonusContent/Grey.mat
  artifactKey: Guid(6b0bf81b9bf769c4cb75da722d4530a0) Importer(815301076,1909f56bfc062723c751e8b465ee728b)
Start importing Assets/AssetStoreTools/StarSparrow/Materials/BonusContent/Grey.mat using Guid(6b0bf81b9bf769c4cb75da722d4530a0) Importer(815301076,1909f56bfc062723c751e8b465ee728b)  -> (artifact id: '4360dff3a2c345d4becc693aa5e13ce8') in 0.005988 seconds
  Import took 0.008616 seconds .

========================================================================
Received Import Request.
  Time since last request: 0.000162 seconds.
  path: Assets/AssetStoreTools/StarSparrow/Materials/BonusContent/Mine Sample 2.mat
  artifactKey: Guid(7da0d403d4fb0da40ac018d557c6db89) Importer(815301076,1909f56bfc062723c751e8b465ee728b)
Start importing Assets/AssetStoreTools/StarSparrow/Materials/BonusContent/Mine Sample 2.mat using Guid(7da0d403d4fb0da40ac018d557c6db89) Importer(815301076,1909f56bfc062723c751e8b465ee728b)  -> (artifact id: '4bc397079ca00d14c63e773a4d66bd2c') in 0.007625 seconds
  Import took 0.010328 seconds .

========================================================================
Received Import Request.
  Time since last request: 0.000140 seconds.
  path: Assets/AssetStoreTools/StarSparrow/Materials/BonusContent/FlyingInsect_Purple.mat
  artifactKey: Guid(cb69702e662a4114aa3a332d2da74996) Importer(815301076,1909f56bfc062723c751e8b465ee728b)
Start importing Assets/AssetStoreTools/StarSparrow/Materials/BonusContent/FlyingInsect_Purple.mat using Guid(cb69702e662a4114aa3a332d2da74996) Importer(815301076,1909f56bfc062723c751e8b465ee728b)  -> (artifact id: '4b720146c4338a62eb66b02f605989d2') in 0.174619 seconds
  Import took 0.177661 seconds .

========================================================================
Received Import Request.
  Time since last request: 0.000200 seconds.
  path: Assets/AssetStoreTools/StarSparrow/Materials/StarSparrow Blue.mat
  artifactKey: Guid(ca28c97d23f98024fb31e22662eb58e7) Importer(815301076,1909f56bfc062723c751e8b465ee728b)
Start importing Assets/AssetStoreTools/StarSparrow/Materials/StarSparrow Blue.mat using Guid(ca28c97d23f98024fb31e22662eb58e7) Importer(815301076,1909f56bfc062723c751e8b465ee728b)  -> (artifact id: '97f3fe876a81c2b74809334a4283d97d') in 0.016278 seconds
  Import took 0.018946 seconds .

========================================================================
Received Import Request.
  Time since last request: 0.000169 seconds.
  path: Assets/AssetStoreTools/StarSparrow/Materials/StarSparrow Purple.mat
  artifactKey: Guid(b172b3eb38b7df64eb5c8a08420eea34) Importer(815301076,1909f56bfc062723c751e8b465ee728b)
Start importing Assets/AssetStoreTools/StarSparrow/Materials/StarSparrow Purple.mat using Guid(b172b3eb38b7df64eb5c8a08420eea34) Importer(815301076,1909f56bfc062723c751e8b465ee728b)  -> (artifact id: 'd9f377cc38ef54cb5da7ab13d77e4f58') in 0.015012 seconds
  Import took 0.017945 seconds .

========================================================================
Received Import Request.
  Time since last request: 0.000209 seconds.
  path: Assets/AssetStoreTools/StarSparrow/Materials/Unified/StarSparrow Blue.mat
  artifactKey: Guid(57125df2e9117bb40a32c83b6390c301) Importer(815301076,1909f56bfc062723c751e8b465ee728b)
Start importing Assets/AssetStoreTools/StarSparrow/Materials/Unified/StarSparrow Blue.mat using Guid(57125df2e9117bb40a32c83b6390c301) Importer(815301076,1909f56bfc062723c751e8b465ee728b)  -> (artifact id: '19253f8707c447d9567d77d6667794e8') in 0.015879 seconds
  Import took 0.018834 seconds .

========================================================================
Received Import Request.
  Time since last request: 0.000182 seconds.
  path: Assets/AssetStoreTools/StarSparrow/Materials/StarSparrow Orange.mat
  artifactKey: Guid(8b52c4a2cbd2a8248b7c6e782e73497e) Importer(815301076,1909f56bfc062723c751e8b465ee728b)
Start importing Assets/AssetStoreTools/StarSparrow/Materials/StarSparrow Orange.mat using Guid(8b52c4a2cbd2a8248b7c6e782e73497e) Importer(815301076,1909f56bfc062723c751e8b465ee728b)  -> (artifact id: '4203ce036a33aff50fd30cba6fa8a2c0') in 0.015107 seconds
  Import took 0.018469 seconds .

========================================================================
Received Import Request.
  Time since last request: 0.000156 seconds.
  path: Assets/AssetStoreTools/StarSparrow/Materials/BonusContent/TinniuqPlanet.mat
  artifactKey: Guid(58bc1c6f4cc25b942bb7eb6b75c68156) Importer(815301076,1909f56bfc062723c751e8b465ee728b)
Start importing Assets/AssetStoreTools/StarSparrow/Materials/BonusContent/TinniuqPlanet.mat using Guid(58bc1c6f4cc25b942bb7eb6b75c68156) Importer(815301076,1909f56bfc062723c751e8b465ee728b)  -> (artifact id: '8de68e642df9acc0524e2d6a6fea00c5') in 0.010908 seconds
  Import took 0.014303 seconds .

========================================================================
Received Import Request.
  Time since last request: 0.000151 seconds.
  path: Assets/AssetStoreTools/StarSparrow/Materials/Unified/StarSparrow White.mat
  artifactKey: Guid(f4515b3c7e536f347a12e8ed4566741c) Importer(815301076,1909f56bfc062723c751e8b465ee728b)
Start importing Assets/AssetStoreTools/StarSparrow/Materials/Unified/StarSparrow White.mat using Guid(f4515b3c7e536f347a12e8ed4566741c) Importer(815301076,1909f56bfc062723c751e8b465ee728b)  -> (artifact id: 'bf66db4200bf24576b12990aef417da8') in 0.015121 seconds
  Import took 0.018482 seconds .

========================================================================
Received Import Request.
  Time since last request: 0.000210 seconds.
  path: Assets/AssetStoreTools/StarSparrow/Materials/Unified/StarSparrow Green.mat
  artifactKey: Guid(c1d543fb584b643408f83fef5d62be33) Importer(815301076,1909f56bfc062723c751e8b465ee728b)
Start importing Assets/AssetStoreTools/StarSparrow/Materials/Unified/StarSparrow Green.mat using Guid(c1d543fb584b643408f83fef5d62be33) Importer(815301076,1909f56bfc062723c751e8b465ee728b)  -> (artifact id: '75c193102b93b6c805e3a0253e5058ab') in 0.014657 seconds
  Import took 0.017757 seconds .

========================================================================
Received Import Request.
  Time since last request: 0.000223 seconds.
  path: Assets/AssetStoreTools/StarSparrow/Materials/StarSparrow Yellow.mat
  artifactKey: Guid(5953a6e817e87be4195c31da8fdce334) Importer(815301076,1909f56bfc062723c751e8b465ee728b)
Start importing Assets/AssetStoreTools/StarSparrow/Materials/StarSparrow Yellow.mat using Guid(5953a6e817e87be4195c31da8fdce334) Importer(815301076,1909f56bfc062723c751e8b465ee728b)  -> (artifact id: 'bcc72cf0c6647acc543faa00737759d8') in 0.017664 seconds
  Import took 0.020568 seconds .

========================================================================
Received Import Request.
  Time since last request: 0.000202 seconds.
  path: Assets/AssetStoreTools/BOXOPHOBIC/Polyverse Skies/Generator/Materials/Skybox.mat
  artifactKey: Guid(e74324e36b5e05b4b90fcfe39d80b5fb) Importer(815301076,1909f56bfc062723c751e8b465ee728b)
Start importing Assets/AssetStoreTools/BOXOPHOBIC/Polyverse Skies/Generator/Materials/Skybox.mat using Guid(e74324e36b5e05b4b90fcfe39d80b5fb) Importer(815301076,1909f56bfc062723c751e8b465ee728b)  -> (artifact id: '40c2af06ad1f54bae49830adefaf7ecb') in 0.013762 seconds
  Import took 0.016522 seconds .

========================================================================
Received Import Request.
  Time since last request: 0.000139 seconds.
  path: Assets/AssetStoreTools/StarSparrow/Materials/StarSparrow Black.mat
  artifactKey: Guid(020568ce6bb9b3245a24630d5282ca24) Importer(815301076,1909f56bfc062723c751e8b465ee728b)
Start importing Assets/AssetStoreTools/StarSparrow/Materials/StarSparrow Black.mat using Guid(020568ce6bb9b3245a24630d5282ca24) Importer(815301076,1909f56bfc062723c751e8b465ee728b)  -> (artifact id: '159137a16b12839d57276f56ef055614') in 0.016550 seconds
  Import took 0.019404 seconds .

========================================================================
Received Import Request.
  Time since last request: 0.000113 seconds.
  path: Assets/AssetStoreTools/BOXOPHOBIC/Polyverse Skies/Generator/Shaders/Rendering Clouds.mat
  artifactKey: Guid(13dc708cc67c98145be44921d58a7f5b) Importer(815301076,1909f56bfc062723c751e8b465ee728b)
Start importing Assets/AssetStoreTools/BOXOPHOBIC/Polyverse Skies/Generator/Shaders/Rendering Clouds.mat using Guid(13dc708cc67c98145be44921d58a7f5b) Importer(815301076,1909f56bfc062723c751e8b465ee728b)  -> (artifact id: '3e9c73c4fd8faf4aff07741a1c3fd8e3') in 0.011042 seconds
  Import took 0.013871 seconds .

========================================================================
Received Import Request.
  Time since last request: 0.000195 seconds.
  path: Assets/AssetStoreTools/StarSparrow/Materials/StarSparrow Cyan.mat
  artifactKey: Guid(d58bf68b17f9a4240aaeb5c200c9a12c) Importer(815301076,1909f56bfc062723c751e8b465ee728b)
Start importing Assets/AssetStoreTools/StarSparrow/Materials/StarSparrow Cyan.mat using Guid(d58bf68b17f9a4240aaeb5c200c9a12c) Importer(815301076,1909f56bfc062723c751e8b465ee728b)  -> (artifact id: 'e0f93af5b757b623d832e8936e834a9e') in 0.015578 seconds
  Import took 0.018878 seconds .

========================================================================
Received Import Request.
  Time since last request: 0.000259 seconds.
  path: Assets/AssetStoreTools/StarSparrow/Materials/Unified/StarSparrow Red.mat
  artifactKey: Guid(78944cc85fa085845b84141d319ac0dd) Importer(815301076,1909f56bfc062723c751e8b465ee728b)
Start importing Assets/AssetStoreTools/StarSparrow/Materials/Unified/StarSparrow Red.mat using Guid(78944cc85fa085845b84141d319ac0dd) Importer(815301076,1909f56bfc062723c751e8b465ee728b)  -> (artifact id: '2788d34dd1db4b0649ac6af2d8292666') in 0.016913 seconds
  Import took 0.019761 seconds .

========================================================================
Received Import Request.
  Time since last request: 0.000214 seconds.
  path: Assets/AssetStoreTools/StarSparrow/Materials/StarSparrow Cyan.mat
  artifactKey: Guid(d58bf68b17f9a4240aaeb5c200c9a12c) Importer(815301076,1909f56bfc062723c751e8b465ee728b)
Start importing Assets/AssetStoreTools/StarSparrow/Materials/StarSparrow Cyan.mat using Guid(d58bf68b17f9a4240aaeb5c200c9a12c) Importer(815301076,1909f56bfc062723c751e8b465ee728b)  -> (artifact id: 'e0f93af5b757b623d832e8936e834a9e') in 0.014263 seconds
  Import took 0.017136 seconds .

========================================================================
Received Import Request.
  Time since last request: 0.000221 seconds.
  path: Assets/AssetStoreTools/StarSparrow/Materials/BonusContent/CloudsRed.mat
  artifactKey: Guid(191ced9846689714398ed909c5e9284a) Importer(815301076,1909f56bfc062723c751e8b465ee728b)
Start importing Assets/AssetStoreTools/StarSparrow/Materials/BonusContent/CloudsRed.mat using Guid(191ced9846689714398ed909c5e9284a) Importer(815301076,1909f56bfc062723c751e8b465ee728b)  -> (artifact id: '467ba7a77a71485f9f1482ee0f448ede') in 0.168446 seconds
  Import took 0.171463 seconds .

========================================================================
Received Import Request.
  Time since last request: 0.000192 seconds.
  path: Assets/AssetStoreTools/StarSparrow/Materials/BonusContent/Mine Sample 1.mat
  artifactKey: Guid(82c97815f01775d4899d78255a373dfe) Importer(815301076,1909f56bfc062723c751e8b465ee728b)
Start importing Assets/AssetStoreTools/StarSparrow/Materials/BonusContent/Mine Sample 1.mat using Guid(82c97815f01775d4899d78255a373dfe) Importer(815301076,1909f56bfc062723c751e8b465ee728b)  -> (artifact id: 'b260e5278f61fd067233e7d8f1a3c7d1') in 0.007108 seconds
  Import took 0.010136 seconds .

========================================================================
Received Import Request.
  Time since last request: 0.000231 seconds.
  path: Assets/AssetStoreTools/StarSparrow/Materials/StarSparrow Red.mat
  artifactKey: Guid(3574d5733ac60b941b175932e0a1aa2e) Importer(815301076,1909f56bfc062723c751e8b465ee728b)
Start importing Assets/AssetStoreTools/StarSparrow/Materials/StarSparrow Red.mat using Guid(3574d5733ac60b941b175932e0a1aa2e) Importer(815301076,1909f56bfc062723c751e8b465ee728b)  -> (artifact id: 'e4bec0c1b842a445b022475608977db8') in 0.015215 seconds
  Import took 0.018179 seconds .

========================================================================
Received Import Request.
  Time since last request: 0.000204 seconds.
  path: Assets/AssetStoreTools/StarSparrow/Materials/Unified/StarSparrow Grey.mat
  artifactKey: Guid(f221e96cfbb5d6040b82a97d3d5ff1d0) Importer(815301076,1909f56bfc062723c751e8b465ee728b)
Start importing Assets/AssetStoreTools/StarSparrow/Materials/Unified/StarSparrow Grey.mat using Guid(f221e96cfbb5d6040b82a97d3d5ff1d0) Importer(815301076,1909f56bfc062723c751e8b465ee728b)  -> (artifact id: '819436a1282dfd9a02eee871a1f3cf77') in 0.015803 seconds
  Import took 0.018659 seconds .

========================================================================
Received Import Request.
  Time since last request: 0.000227 seconds.
  path: Assets/AssetStoreTools/StarSparrow/Materials/StarSparrow Green.mat
  artifactKey: Guid(6a0ff067fa651004b8447b29a0092251) Importer(815301076,1909f56bfc062723c751e8b465ee728b)
Start importing Assets/AssetStoreTools/StarSparrow/Materials/StarSparrow Green.mat using Guid(6a0ff067fa651004b8447b29a0092251) Importer(815301076,1909f56bfc062723c751e8b465ee728b)  -> (artifact id: '9e2b69166c0252c771f4694969045160') in 0.014281 seconds
  Import took 0.017415 seconds .

========================================================================
Received Import Request.
  Time since last request: 0.004720 seconds.
  path: Assets/AssetStoreTools/StarSparrow/Materials/Unified/StarSparrow Grey.mat
  artifactKey: Guid(f221e96cfbb5d6040b82a97d3d5ff1d0) Importer(815301076,1909f56bfc062723c751e8b465ee728b)
Start importing Assets/AssetStoreTools/StarSparrow/Materials/Unified/StarSparrow Grey.mat using Guid(f221e96cfbb5d6040b82a97d3d5ff1d0) Importer(815301076,1909f56bfc062723c751e8b465ee728b)  -> (artifact id: '819436a1282dfd9a02eee871a1f3cf77') in 0.016953 seconds
  Import took 0.020591 seconds .

========================================================================
Received Prepare
Registering precompiled user dll's ...
Registered in 0.001276 seconds.
Begin MonoManager ReloadAssembly
Native extension for LinuxStandalone target not found
Native extension for WebGL target not found
Refreshing native plugins compatible for Editor in 0.47 ms, found 1 plugins.
Preloading 0 native plugins for Editor in 0.00 ms.
Invoked RoslynAnalysisRunner static constructor.
RoslynAnalysisRunner will not be running.
RoslynAnalysisRunner has terminated.
Mono: successfully reloaded assembly
- Completed reload, in  1.030 seconds
Platform modules already initialized, skipping
Refreshing native plugins compatible for Editor in 0.46 ms, found 1 plugins.
Preloading 0 native plugins for Editor in 0.00 ms.
Unloading 1826 Unused Serialized files (Serialized files now loaded: 0)
System memory in use before: 113.1 MB.
System memory in use after: 113.0 MB.

Unloading 15 unused Assets to reduce memory usage. Loaded Objects now: 2429.
Total: 6.715616 ms (FindLiveObjects: 0.503705 ms CreateObjectMapping: 0.232195 ms MarkObjects: 5.486944 ms  DeleteObjects: 0.489646 ms)

========================================================================
Received Prepare
Registering precompiled user dll's ...
Registered in 0.001302 seconds.
Begin MonoManager ReloadAssembly
Native extension for LinuxStandalone target not found
Native extension for WebGL target not found
Refreshing native plugins compatible for Editor in 0.48 ms, found 1 plugins.
Preloading 0 native plugins for Editor in 0.00 ms.
Invoked RoslynAnalysisRunner static constructor.
RoslynAnalysisRunner will not be running.
RoslynAnalysisRunner has terminated.
Mono: successfully reloaded assembly
- Completed reload, in  1.115 seconds
Platform modules already initialized, skipping
Refreshing native plugins compatible for Editor in 0.55 ms, found 1 plugins.
Preloading 0 native plugins for Editor in 0.00 ms.
Unloading 1825 Unused Serialized files (Serialized files now loaded: 0)
System memory in use before: 113.0 MB.
System memory in use after: 112.9 MB.

Unloading 15 unused Assets to reduce memory usage. Loaded Objects now: 2431.
Total: 4.173127 ms (FindLiveObjects: 0.287313 ms CreateObjectMapping: 0.101614 ms MarkObjects: 3.473501 ms  DeleteObjects: 0.309418 ms)

========================================================================
Received Prepare
Registering precompiled user dll's ...
Registered in 0.001213 seconds.
Begin MonoManager ReloadAssembly
Native extension for LinuxStandalone target not found
Native extension for WebGL target not found
Refreshing native plugins compatible for Editor in 0.46 ms, found 1 plugins.
Preloading 0 native plugins for Editor in 0.00 ms.
Invoked RoslynAnalysisRunner static constructor.
RoslynAnalysisRunner will not be running.
RoslynAnalysisRunner has terminated.
Mono: successfully reloaded assembly
- Completed reload, in  1.051 seconds
Platform modules already initialized, skipping
Refreshing native plugins compatible for Editor in 0.55 ms, found 1 plugins.
Preloading 0 native plugins for Editor in 0.00 ms.
Unloading 1825 Unused Serialized files (Serialized files now loaded: 0)
System memory in use before: 113.0 MB.
System memory in use after: 112.9 MB.

Unloading 15 unused Assets to reduce memory usage. Loaded Objects now: 2433.
Total: 2.783976 ms (FindLiveObjects: 0.212583 ms CreateObjectMapping: 0.073280 ms MarkObjects: 2.228309 ms  DeleteObjects: 0.268853 ms)

========================================================================
Received Prepare
Registering precompiled user dll's ...
Registered in 0.001156 seconds.
Begin MonoManager ReloadAssembly
Native extension for LinuxStandalone target not found
Native extension for WebGL target not found
Refreshing native plugins compatible for Editor in 0.47 ms, found 1 plugins.
Preloading 0 native plugins for Editor in 0.00 ms.
Invoked RoslynAnalysisRunner static constructor.
RoslynAnalysisRunner will not be running.
RoslynAnalysisRunner has terminated.
Mono: successfully reloaded assembly
- Completed reload, in  1.077 seconds
Platform modules already initialized, skipping
Refreshing native plugins compatible for Editor in 0.52 ms, found 1 plugins.
Preloading 0 native plugins for Editor in 0.00 ms.
Unloading 1825 Unused Serialized files (Serialized files now loaded: 0)
System memory in use before: 113.0 MB.
System memory in use after: 112.9 MB.

Unloading 15 unused Assets to reduce memory usage. Loaded Objects now: 2435.
Total: 3.309108 ms (FindLiveObjects: 0.203428 ms CreateObjectMapping: 0.087509 ms MarkObjects: 2.743117 ms  DeleteObjects: 0.273828 ms)

========================================================================
Received Prepare
Registering precompiled user dll's ...
Registered in 0.002499 seconds.
Begin MonoManager ReloadAssembly
Native extension for LinuxStandalone target not found
Native extension for WebGL target not found
Refreshing native plugins compatible for Editor in 0.47 ms, found 1 plugins.
Preloading 0 native plugins for Editor in 0.00 ms.
[ScriptCompilation] NOT recompiling all scripts because this is an import worker process. Reason to compile was: Define symbols changed
Invoked RoslynAnalysisRunner static constructor.
RoslynAnalysisRunner will not be running.
RoslynAnalysisRunner has terminated.
Mono: successfully reloaded assembly
- Completed reload, in  1.360 seconds
Platform modules already initialized, skipping
Refreshing native plugins compatible for Editor in 0.47 ms, found 1 plugins.
Preloading 0 native plugins for Editor in 0.00 ms.
Unloading 1945 Unused Serialized files (Serialized files now loaded: 0)
System memory in use before: 119.0 MB.
System memory in use after: 117.9 MB.

Unloading 42 unused Assets to reduce memory usage. Loaded Objects now: 2530.
Total: 3.177294 ms (FindLiveObjects: 0.268667 ms CreateObjectMapping: 0.083337 ms MarkObjects: 2.177759 ms  DeleteObjects: 0.646564 ms)

========================================================================
Received Import Request.
  Time since last request: 529.254584 seconds.
  path: Assets/Prototype_Profiles/PostProcessing Profile.asset
  artifactKey: Guid(3ee8f8374959be70f968b97c23d462eb) Importer(815301076,1909f56bfc062723c751e8b465ee728b)
Start importing Assets/Prototype_Profiles/PostProcessing Profile.asset using Guid(3ee8f8374959be70f968b97c23d462eb) Importer(815301076,1909f56bfc062723c751e8b465ee728b)  -> (artifact id: 'fd96b392c922467c98cdd11a228fc816') in 0.011197 seconds
  Import took 0.014955 seconds .

========================================================================
Received Import Request.
  Time since last request: 22.915002 seconds.
  path: ProjectSettings/TagManager.asset
  artifactKey: Guid(00000000000000003000000000000000) Importer(815301076,1909f56bfc062723c751e8b465ee728b)
Start importing ProjectSettings/TagManager.asset using Guid(00000000000000003000000000000000) Importer(815301076,1909f56bfc062723c751e8b465ee728b)  -> (artifact id: 'b0a7b268d20294135b491423952b914d') in 0.001554 seconds
  Import took 0.004939 seconds .

========================================================================
Received Prepare
Registering precompiled user dll's ...
Registered in 0.001412 seconds.
Begin MonoManager ReloadAssembly
Native extension for LinuxStandalone target not found
Native extension for WebGL target not found
Refreshing native plugins compatible for Editor in 0.48 ms, found 1 plugins.
Preloading 0 native plugins for Editor in 0.00 ms.
Invoked RoslynAnalysisRunner static constructor.
RoslynAnalysisRunner will not be running.
RoslynAnalysisRunner has terminated.
Mono: successfully reloaded assembly
- Completed reload, in  1.204 seconds
Platform modules already initialized, skipping
Refreshing native plugins compatible for Editor in 0.66 ms, found 1 plugins.
Preloading 0 native plugins for Editor in 0.00 ms.
Unloading 1945 Unused Serialized files (Serialized files now loaded: 0)
System memory in use before: 119.0 MB.
System memory in use after: 117.9 MB.

Unloading 43 unused Assets to reduce memory usage. Loaded Objects now: 2532.
Total: 3.781463 ms (FindLiveObjects: 0.245852 ms CreateObjectMapping: 0.091108 ms MarkObjects: 2.506779 ms  DeleteObjects: 0.936052 ms)

========================================================================
Received Prepare
Registering precompiled user dll's ...
Registered in 0.001485 seconds.
Begin MonoManager ReloadAssembly
Native extension for LinuxStandalone target not found
Native extension for WebGL target not found
Refreshing native plugins compatible for Editor in 0.48 ms, found 1 plugins.
Preloading 0 native plugins for Editor in 0.00 ms.
Invoked RoslynAnalysisRunner static constructor.
RoslynAnalysisRunner will not be running.
RoslynAnalysisRunner has terminated.
Mono: successfully reloaded assembly
- Completed reload, in  1.196 seconds
Platform modules already initialized, skipping
Refreshing native plugins compatible for Editor in 0.54 ms, found 1 plugins.
Preloading 0 native plugins for Editor in 0.00 ms.
Unloading 1945 Unused Serialized files (Serialized files now loaded: 0)
System memory in use before: 119.0 MB.
System memory in use after: 117.9 MB.

Unloading 42 unused Assets to reduce memory usage. Loaded Objects now: 2534.
Total: 3.989342 ms (FindLiveObjects: 0.272056 ms CreateObjectMapping: 0.087023 ms MarkObjects: 2.925884 ms  DeleteObjects: 0.703179 ms)

========================================================================
Received Prepare
Registering precompiled user dll's ...
Registered in 0.001489 seconds.
Begin MonoManager ReloadAssembly
Native extension for LinuxStandalone target not found
Native extension for WebGL target not found
Refreshing native plugins compatible for Editor in 0.75 ms, found 1 plugins.
Preloading 0 native plugins for Editor in 0.00 ms.
Invoked RoslynAnalysisRunner static constructor.
RoslynAnalysisRunner will not be running.
RoslynAnalysisRunner has terminated.
Mono: successfully reloaded assembly
- Completed reload, in  1.145 seconds
Platform modules already initialized, skipping
Refreshing native plugins compatible for Editor in 0.59 ms, found 1 plugins.
Preloading 0 native plugins for Editor in 0.00 ms.
Unloading 1945 Unused Serialized files (Serialized files now loaded: 0)
System memory in use before: 119.0 MB.
System memory in use after: 117.9 MB.

Unloading 42 unused Assets to reduce memory usage. Loaded Objects now: 2536.
Total: 4.208693 ms (FindLiveObjects: 0.254510 ms CreateObjectMapping: 0.101726 ms MarkObjects: 2.751462 ms  DeleteObjects: 1.099579 ms)

========================================================================
Received Prepare
Registering precompiled user dll's ...
Registered in 0.001437 seconds.
Begin MonoManager ReloadAssembly
Native extension for LinuxStandalone target not found
Native extension for WebGL target not found
Refreshing native plugins compatible for Editor in 0.51 ms, found 1 plugins.
Preloading 0 native plugins for Editor in 0.00 ms.
Invoked RoslynAnalysisRunner static constructor.
RoslynAnalysisRunner will not be running.
RoslynAnalysisRunner has terminated.
Mono: successfully reloaded assembly
- Completed reload, in  1.263 seconds
Platform modules already initialized, skipping
Refreshing native plugins compatible for Editor in 0.62 ms, found 1 plugins.
Preloading 0 native plugins for Editor in 0.00 ms.
Unloading 1945 Unused Serialized files (Serialized files now loaded: 0)
System memory in use before: 119.0 MB.
System memory in use after: 117.9 MB.

Unloading 42 unused Assets to reduce memory usage. Loaded Objects now: 2538.
Total: 4.735095 ms (FindLiveObjects: 0.328000 ms CreateObjectMapping: 0.141674 ms MarkObjects: 3.334397 ms  DeleteObjects: 0.929451 ms)

AssetImportWorkerClient::OnTransportError - code=2 error=End of file
